#
# There is insufficient memory for the Java Runtime Environment to continue.
# Native memory allocation (malloc) failed to allocate 32744 bytes for ChunkPool::allocate
# Possible reasons:
#   The system is out of physical RAM or swap space
#   In 32 bit mode, the process size limit was hit
# Possible solutions:
#   Reduce memory load on the system
#   Increase physical memory or swap space
#   Check if swap backing store is full
#   Use 64 bit Java on a 64 bit OS
#   Decrease Java heap size (-Xmx/-Xms)
#   Decrease number of Java threads
#   Decrease Java thread stack sizes (-Xss)
#   Set larger code cache with -XX:ReservedCodeCacheSize=
# This output file may be truncated or incomplete.
#
#  Out of Memory Error (allocation.cpp:273), pid=9776, tid=11028
#
# JRE version: Java(TM) SE Runtime Environment (8.0_71-b15) (build 1.8.0_71-b15)
# Java VM: Java HotSpot(TM) 64-Bit Server VM (25.71-b15 mixed mode windows-amd64 compressed oops)
# Failed to write core dump. Minidumps are not enabled by default on client versions of Windows
#

---------------  T H R E A D  ---------------

Current thread (0x00000000163cd800):  JavaThread "C2 CompilerThread0" daemon [_thread_in_native, id=11028, stack(0x0000000017a20000,0x0000000017b20000)]

Stack: [0x0000000017a20000,0x0000000017b20000]
[error occurred during error reporting (printing stack bounds), id 0xc0000005]

Native frames: (J=compiled Java code, j=interpreted, Vv=VM code, C=native code)


Current CompileTask:
C2: 689837 15841 %     4       org.eclipse.jdt.internal.compiler.lookup.BinaryTypeBinding::createMethod @ 359 (1491 bytes)


---------------  P R O C E S S  ---------------

Java Threads: ( => current thread )
  0x000000001fc75800 JavaThread "pool-7-thread-4" [_thread_blocked, id=10060, stack(0x00000000260a0000,0x00000000261a0000)]
  0x000000001fc76000 JavaThread "pool-7-thread-3" [_thread_blocked, id=7072, stack(0x0000000025fa0000,0x00000000260a0000)]
  0x000000001fc7a000 JavaThread "pool-9-thread-2" [_thread_blocked, id=4724, stack(0x0000000025ca0000,0x0000000025da0000)]
  0x000000001fc72800 JavaThread "pool-9-thread-1" [_thread_blocked, id=7068, stack(0x00000000256a0000,0x00000000257a0000)]
  0x000000001fc77800 JavaThread "pool-7-thread-2" [_thread_blocked, id=2360, stack(0x00000000255a0000,0x00000000256a0000)]
  0x000000001fc74000 JavaThread "pool-7-thread-1" [_thread_blocked, id=7080, stack(0x0000000024ea0000,0x0000000024fa0000)]
  0x000000001fc77000 JavaThread "Cache update executor" [_thread_blocked, id=9680, stack(0x0000000024da0000,0x0000000024ea0000)]
  0x0000000019469000 JavaThread "Stdin handler" [_thread_blocked, id=10308, stack(0x0000000024ca0000,0x0000000024da0000)]
  0x0000000019465800 JavaThread "Asynchronous log dispatcher for DefaultDaemonConnection: socket connection from /127.0.0.1:2391 to /127.0.0.1:3078" [_thread_blocked, id=2388, stack(0x0000000024ba0000,0x0000000024ca0000)]
  0x0000000019464800 JavaThread "Daemon worker Thread 2" [_thread_in_native, id=7264, stack(0x0000000024aa0000,0x0000000024ba0000)]
  0x0000000019464000 JavaThread "Cancel handler" [_thread_blocked, id=7460, stack(0x00000000249a0000,0x0000000024aa0000)]
  0x0000000019467800 JavaThread "Handler for socket connection from /127.0.0.1:2391 to /127.0.0.1:3078" [_thread_in_native, id=7548, stack(0x00000000248a0000,0x00000000249a0000)]
  0x0000000019467000 JavaThread "Daemon Thread 2" [_thread_blocked, id=160, stack(0x00000000247a0000,0x00000000248a0000)]
  0x000000001946a000 JavaThread "pool-2-thread-1" [_thread_blocked, id=1864, stack(0x000000001c500000,0x000000001c600000)]
  0x000000001946a800 JavaThread "File lock request listener" [_thread_in_native, id=4384, stack(0x000000001c200000,0x000000001c300000)]
  0x00000000192a6800 JavaThread "Incoming local TCP Connector on port 2391" [_thread_in_native, id=10888, stack(0x000000001a130000,0x000000001a230000)]
  0x0000000019284800 JavaThread "pool-1-thread-1" [_thread_blocked, id=3728, stack(0x0000000019e30000,0x0000000019f30000)]
  0x000000001642e800 JavaThread "Service Thread" daemon [_thread_blocked, id=12104, stack(0x0000000018120000,0x0000000018220000)]
  0x00000000163d3800 JavaThread "C1 CompilerThread2" daemon [_thread_in_vm, id=8576, stack(0x0000000017c20000,0x0000000017d20000)]
  0x00000000163d0800 JavaThread "C2 CompilerThread1" daemon [_thread_in_native, id=12260, stack(0x0000000017b20000,0x0000000017c20000)]
=>0x00000000163cd800 JavaThread "C2 CompilerThread0" daemon [_thread_in_native, id=11028, stack(0x0000000017a20000,0x0000000017b20000)]
  0x00000000163cb800 JavaThread "Attach Listener" daemon [_thread_blocked, id=1296, stack(0x0000000017920000,0x0000000017a20000)]
  0x00000000163ca000 JavaThread "Signal Dispatcher" daemon [_thread_blocked, id=2064, stack(0x0000000017820000,0x0000000017920000)]
  0x0000000002a56800 JavaThread "Finalizer" daemon [_thread_blocked, id=8924, stack(0x0000000017630000,0x0000000017730000)]
  0x0000000002a4d000 JavaThread "Reference Handler" daemon [_thread_blocked, id=848, stack(0x0000000017530000,0x0000000017630000)]
  0x00000000028be000 JavaThread "main" [_thread_blocked, id=6600, stack(0x0000000002790000,0x0000000002890000)]

Other Threads:
  0x0000000016397800 VMThread [stack: 0x0000000017430000,0x0000000017530000] [id=7160]
  0x0000000017d72800 WatcherThread [stack: 0x0000000018220000,0x0000000018320000] [id=11992]

VM state:not at safepoint (normal execution)

VM Mutex/Monitor currently owned by a thread:  ([mutex/lock_event])
[0x0000000002961b50] CompiledIC_lock - owner thread: 0x00000000163d3800

Heap:
 PSYoungGen      total 245760K, used 32949K [0x00000000e0000000, 0x00000000f0d80000, 0x0000000100000000)
  eden space 223232K, 5% used [0x00000000e0000000,0x00000000e0bedf60,0x00000000eda00000)
  from space 22528K, 92% used [0x00000000ef300000,0x00000000f073f7b8,0x00000000f0900000)
  to   space 25600K, 0% used [0x00000000eda00000,0x00000000eda00000,0x00000000ef300000)
 ParOldGen       total 135680K, used 72990K [0x00000000a0000000, 0x00000000a8480000, 0x00000000e0000000)
  object space 135680K, 53% used [0x00000000a0000000,0x00000000a47479c0,0x00000000a8480000)
 Metaspace       used 81401K, capacity 84320K, committed 84500K, reserved 1122304K
  class space    used 10397K, capacity 10983K, committed 11068K, reserved 1048576K

Card table byte_map: [0x0000000011e20000,0x0000000012130000] byte_map_base: 0x0000000011920000

Marking Bits: (ParMarkBitMap*) 0x000000005d4af600
 Begin Bits: [0x0000000012730000, 0x0000000013f30000)
 End Bits:   [0x0000000013f30000, 0x0000000015730000)

Polling page: 0x0000000000df0000

CodeCache: size=245760Kb used=48096Kb max_used=48099Kb free=197663Kb
 bounds [0x0000000002a60000, 0x0000000005990000, 0x0000000011a60000]
 total_blobs=14379 nmethods=13547 adapters=740
 compilation: disabled (not enough contiguous free space left)

Compilation events (10 events):
Event: 689.587 Thread 0x00000000163d3800 nmethod 16389 0x000000000598b950 code [0x000000000598bb80, 0x000000000598c768]
Event: 689.587 Thread 0x00000000163d3800 16390       2       java.util.zip.ZipEntry::<init> (74 bytes)
Event: 689.588 Thread 0x00000000163d3800 nmethod 16390 0x000000000598d2d0 code [0x000000000598d460, 0x000000000598d798]
Event: 689.589 Thread 0x00000000163d3800 16391   !   2       java.util.zip.Inflater::getBytesWritten (23 bytes)
Event: 689.590 Thread 0x00000000163d3800 nmethod 16391 0x000000000598d950 code [0x000000000598dac0, 0x000000000598dde8]
Event: 689.594 Thread 0x00000000163d3800 16392       2       java.util.zip.CRC32::getValue (10 bytes)
Event: 689.594 Thread 0x00000000163d3800 nmethod 16392 0x000000000598df10 code [0x000000000598e060, 0x000000000598e1b0]
Event: 689.598 Thread 0x00000000163d3800 16393       2       java.util.zip.ZipInputStream::createZipEntry (9 bytes)
Event: 689.598 Thread 0x00000000163d3800 nmethod 16393 0x000000000598e210 code [0x000000000598e380, 0x000000000598e568]
Event: 689.598 Thread 0x00000000163d3800 16394       2       java.util.zip.ZipInputStream::readEnd (510 bytes)

GC Heap History (10 events):
Event: 667.096 GC heap before
{Heap before GC invocations=27 (full 3):
 PSYoungGen      total 132096K, used 116335K [0x00000000e0000000, 0x00000000eb500000, 0x0000000100000000)
  eden space 108032K, 99% used [0x00000000e0000000,0x00000000e6970808,0x00000000e6980000)
  from space 24064K, 34% used [0x00000000e6980000,0x00000000e71ab5c8,0x00000000e8100000)
  to   space 23040K, 0% used [0x00000000e9e80000,0x00000000e9e80000,0x00000000eb500000)
 ParOldGen       total 135680K, used 63568K [0x00000000a0000000, 0x00000000a8480000, 0x00000000e0000000)
  object space 135680K, 46% used [0x00000000a0000000,0x00000000a3e14170,0x00000000a8480000)
 Metaspace       used 70164K, capacity 72996K, committed 73108K, reserved 1112064K
  class space    used 9323K, capacity 9885K, committed 9916K, reserved 1048576K
Event: 667.104 GC heap after
Heap after GC invocations=27 (full 3):
 PSYoungGen      total 161792K, used 224K [0x00000000e0000000, 0x00000000ebf00000, 0x0000000100000000)
  eden space 138752K, 0% used [0x00000000e0000000,0x00000000e0000000,0x00000000e8780000)
  from space 23040K, 0% used [0x00000000e9e80000,0x00000000e9eb8000,0x00000000eb500000)
  to   space 23552K, 0% used [0x00000000e8780000,0x00000000e8780000,0x00000000e9e80000)
 ParOldGen       total 135680K, used 71255K [0x00000000a0000000, 0x00000000a8480000, 0x00000000e0000000)
  object space 135680K, 52% used [0x00000000a0000000,0x00000000a4595c78,0x00000000a8480000)
 Metaspace       used 70164K, capacity 72996K, committed 73108K, reserved 1112064K
  class space    used 9323K, capacity 9885K, committed 9916K, reserved 1048576K
}
Event: 667.123 GC heap before
{Heap before GC invocations=28 (full 3):
 PSYoungGen      total 161792K, used 138958K [0x00000000e0000000, 0x00000000ebf00000, 0x0000000100000000)
  eden space 138752K, 99% used [0x00000000e0000000,0x00000000e877ba98,0x00000000e8780000)
  from space 23040K, 0% used [0x00000000e9e80000,0x00000000e9eb8000,0x00000000eb500000)
  to   space 23552K, 0% used [0x00000000e8780000,0x00000000e8780000,0x00000000e9e80000)
 ParOldGen       total 135680K, used 71255K [0x00000000a0000000, 0x00000000a8480000, 0x00000000e0000000)
  object space 135680K, 52% used [0x00000000a0000000,0x00000000a4595c78,0x00000000a8480000)
 Metaspace       used 70166K, capacity 72996K, committed 73108K, reserved 1112064K
  class space    used 9323K, capacity 9885K, committed 9916K, reserved 1048576K
Event: 667.125 GC heap after
Heap after GC invocations=28 (full 3):
 PSYoungGen      total 162304K, used 128K [0x00000000e0000000, 0x00000000edc80000, 0x0000000100000000)
  eden space 138752K, 0% used [0x00000000e0000000,0x00000000e0000000,0x00000000e8780000)
  from space 23552K, 0% used [0x00000000e8780000,0x00000000e87a0000,0x00000000e9e80000)
  to   space 24064K, 0% used [0x00000000ec500000,0x00000000ec500000,0x00000000edc80000)
 ParOldGen       total 135680K, used 71471K [0x00000000a0000000, 0x00000000a8480000, 0x00000000e0000000)
  object space 135680K, 52% used [0x00000000a0000000,0x00000000a45cbc78,0x00000000a8480000)
 Metaspace       used 70166K, capacity 72996K, committed 73108K, reserved 1112064K
  class space    used 9323K, capacity 9885K, committed 9916K, reserved 1048576K
}
Event: 667.146 GC heap before
{Heap before GC invocations=29 (full 3):
 PSYoungGen      total 162304K, used 137993K [0x00000000e0000000, 0x00000000edc80000, 0x0000000100000000)
  eden space 138752K, 99% used [0x00000000e0000000,0x00000000e86a2798,0x00000000e8780000)
  from space 23552K, 0% used [0x00000000e8780000,0x00000000e87a0000,0x00000000e9e80000)
  to   space 24064K, 0% used [0x00000000ec500000,0x00000000ec500000,0x00000000edc80000)
 ParOldGen       total 135680K, used 71471K [0x00000000a0000000, 0x00000000a8480000, 0x00000000e0000000)
  object space 135680K, 52% used [0x00000000a0000000,0x00000000a45cbc78,0x00000000a8480000)
 Metaspace       used 70171K, capacity 72996K, committed 73108K, reserved 1112064K
  class space    used 9323K, capacity 9885K, committed 9916K, reserved 1048576K
Event: 667.148 GC heap after
Heap after GC invocations=29 (full 3):
 PSYoungGen      total 200704K, used 128K [0x00000000e0000000, 0x00000000edb80000, 0x0000000100000000)
  eden space 177664K, 0% used [0x00000000e0000000,0x00000000e0000000,0x00000000ead80000)
  from space 23040K, 0% used [0x00000000ec500000,0x00000000ec520000,0x00000000edb80000)
  to   space 23552K, 0% used [0x00000000ead80000,0x00000000ead80000,0x00000000ec480000)
 ParOldGen       total 135680K, used 71487K [0x00000000a0000000, 0x00000000a8480000, 0x00000000e0000000)
  object space 135680K, 52% used [0x00000000a0000000,0x00000000a45cfc78,0x00000000a8480000)
 Metaspace       used 70171K, capacity 72996K, committed 73108K, reserved 1112064K
  class space    used 9323K, capacity 9885K, committed 9916K, reserved 1048576K
}
Event: 684.450 GC heap before
{Heap before GC invocations=30 (full 3):
 PSYoungGen      total 200704K, used 177792K [0x00000000e0000000, 0x00000000edb80000, 0x0000000100000000)
  eden space 177664K, 100% used [0x00000000e0000000,0x00000000ead80000,0x00000000ead80000)
  from space 23040K, 0% used [0x00000000ec500000,0x00000000ec520000,0x00000000edb80000)
  to   space 23552K, 0% used [0x00000000ead80000,0x00000000ead80000,0x00000000ec480000)
 ParOldGen       total 135680K, used 71487K [0x00000000a0000000, 0x00000000a8480000, 0x00000000e0000000)
  object space 135680K, 52% used [0x00000000a0000000,0x00000000a45cfc78,0x00000000a8480000)
 Metaspace       used 70893K, capacity 73822K, committed 74004K, reserved 1114112K
  class space    used 9381K, capacity 9942K, committed 10044K, reserved 1048576K
Event: 684.469 GC heap after
Heap after GC invocations=30 (full 3):
 PSYoungGen      total 201216K, used 6367K [0x00000000e0000000, 0x00000000f0900000, 0x0000000100000000)
  eden space 177664K, 0% used [0x00000000e0000000,0x00000000e0000000,0x00000000ead80000)
  from space 23552K, 27% used [0x00000000ead80000,0x00000000eb3b7f88,0x00000000ec480000)
  to   space 22528K, 0% used [0x00000000ef300000,0x00000000ef300000,0x00000000f0900000)
 ParOldGen       total 135680K, used 71503K [0x00000000a0000000, 0x00000000a8480000, 0x00000000e0000000)
  object space 135680K, 52% used [0x00000000a0000000,0x00000000a45d3c78,0x00000000a8480000)
 Metaspace       used 70893K, capacity 73822K, committed 74004K, reserved 1114112K
  class space    used 9381K, capacity 9942K, committed 10044K, reserved 1048576K
}
Event: 689.433 GC heap before
{Heap before GC invocations=31 (full 3):
 PSYoungGen      total 201216K, used 184031K [0x00000000e0000000, 0x00000000f0900000, 0x0000000100000000)
  eden space 177664K, 100% used [0x00000000e0000000,0x00000000ead80000,0x00000000ead80000)
  from space 23552K, 27% used [0x00000000ead80000,0x00000000eb3b7f88,0x00000000ec480000)
  to   space 22528K, 0% used [0x00000000ef300000,0x00000000ef300000,0x00000000f0900000)
 ParOldGen       total 135680K, used 71503K [0x00000000a0000000, 0x00000000a8480000, 0x00000000e0000000)
  object space 135680K, 52% used [0x00000000a0000000,0x00000000a45d3c78,0x00000000a8480000)
 Metaspace       used 81276K, capacity 84188K, committed 84500K, reserved 1122304K
  class space    used 10389K, capacity 10983K, committed 11068K, reserved 1048576K
Event: 689.466 GC heap after
Heap after GC invocations=31 (full 3):
 PSYoungGen      total 245760K, used 20733K [0x00000000e0000000, 0x00000000f0d80000, 0x0000000100000000)
  eden space 223232K, 0% used [0x00000000e0000000,0x00000000e0000000,0x00000000eda00000)
  from space 22528K, 92% used [0x00000000ef300000,0x00000000f073f7b8,0x00000000f0900000)
  to   space 25600K, 0% used [0x00000000eda00000,0x00000000eda00000,0x00000000ef300000)
 ParOldGen       total 135680K, used 72990K [0x00000000a0000000, 0x00000000a8480000, 0x00000000e0000000)
  object space 135680K, 53% used [0x00000000a0000000,0x00000000a47479c0,0x00000000a8480000)
 Metaspace       used 81276K, capacity 84188K, committed 84500K, reserved 1122304K
  class space    used 10389K, capacity 10983K, committed 11068K, reserved 1048576K
}

Deoptimization events (10 events):
Event: 689.250 Thread 0x0000000019464800 Uncommon trap: reason=class_check action=maybe_recompile pc=0x0000000005595340 method=com.android.tools.lint.checks.ByteOrderMarkDetector.beforeCheckFile(Lcom/android/tools/lint/detector/api/Context;)V @ 29
Event: 689.250 Thread 0x0000000019464800 Uncommon trap: reason=class_check action=maybe_recompile pc=0x0000000005595340 method=com.android.tools.lint.checks.ByteOrderMarkDetector.beforeCheckFile(Lcom/android/tools/lint/detector/api/Context;)V @ 29
Event: 689.255 Thread 0x0000000019464800 Uncommon trap: reason=unstable_if action=reinterpret pc=0x0000000005818794 method=org.eclipse.jdt.internal.compiler.lookup.BinaryTypeBinding.superclass()Lorg/eclipse/jdt/internal/compiler/lookup/ReferenceBinding; @ 174
Event: 689.255 Thread 0x0000000019464800 Uncommon trap: reason=unstable_if action=reinterpret pc=0x00000000058195b4 method=org.eclipse.jdt.internal.compiler.lookup.BinaryTypeBinding.superInterfaces()[Lorg/eclipse/jdt/internal/compiler/lookup/ReferenceBinding; @ 238
Event: 689.255 Thread 0x0000000019464800 Uncommon trap: reason=unstable_if action=reinterpret pc=0x00000000058195b4 method=org.eclipse.jdt.internal.compiler.lookup.BinaryTypeBinding.superInterfaces()[Lorg/eclipse/jdt/internal/compiler/lookup/ReferenceBinding; @ 238
Event: 689.255 Thread 0x0000000019464800 Uncommon trap: reason=unstable_if action=reinterpret pc=0x0000000005818794 method=org.eclipse.jdt.internal.compiler.lookup.BinaryTypeBinding.superclass()Lorg/eclipse/jdt/internal/compiler/lookup/ReferenceBinding; @ 174
Event: 689.255 Thread 0x0000000019464800 Uncommon trap: reason=unstable_if action=reinterpret pc=0x0000000005818794 method=org.eclipse.jdt.internal.compiler.lookup.BinaryTypeBinding.superclass()Lorg/eclipse/jdt/internal/compiler/lookup/ReferenceBinding; @ 174
Event: 689.272 Thread 0x0000000019464800 Uncommon trap: reason=class_check action=maybe_recompile pc=0x0000000005595340 method=com.android.tools.lint.checks.ByteOrderMarkDetector.beforeCheckFile(Lcom/android/tools/lint/detector/api/Context;)V @ 29
Event: 689.351 Thread 0x0000000019464800 Uncommon trap: reason=unstable_if action=reinterpret pc=0x00000000057d0da8 method=org.eclipse.jdt.internal.compiler.lookup.LookupEnvironment.convertUnresolvedBinaryToRawType(Lorg/eclipse/jdt/internal/compiler/lookup/TypeBinding;)Lorg/eclipse/jdt/internal/c`¯](‹…@
Event: 689.395 Thread 0x0000000019464800 Uncommon trap: reason=unstable_if action=reinterpret pc=0x0000000005909348 method=com.intellij.psi.JavaRecursiveElementVisitor.visitElement(Lcom/intellij/psi/PsiElement;)V @ 84

Internal exceptions (10 events):
Event: 687.595 Thread 0x0000000019464800 Exception <a 'java/lang/ArrayIndexOutOfBoundsException'> (0x00000000e67c8f90) thrown at [C:\re\workspace\8-2-build-windows-amd64-cygwin\jdk8u71\5731\hotspot\src\share\vm\runtime\sharedRuntime.cpp, line 605]
Event: 687.595 Thread 0x0000000019464800 Exception <a 'java/lang/ArrayIndexOutOfBoundsException'> (0x00000000e67cb178) thrown at [C:\re\workspace\8-2-build-windows-amd64-cygwin\jdk8u71\5731\hotspot\src\share\vm\runtime\sharedRuntime.cpp, line 605]
Event: 687.595 Thread 0x0000000019464800 Exception <a 'java/lang/ArrayIndexOutOfBoundsException'> (0x00000000e67ce0c0) thrown at [C:\re\workspace\8-2-build-windows-amd64-cygwin\jdk8u71\5731\hotspot\src\share\vm\runtime\sharedRuntime.cpp, line 605]
Event: 687.595 Thread 0x0000000019464800 Exception <a 'java/lang/ArrayIndexOutOfBoundsException'> (0x00000000e67cf440) thrown at [C:\re\workspace\8-2-build-windows-amd64-cygwin\jdk8u71\5731\hotspot\src\share\vm\runtime\sharedRuntime.cpp, line 605]
Event: 687.596 Thread 0x0000000019464800 Exception <a 'java/lang/ArrayIndexOutOfBoundsException'> (0x00000000e67d1738) thrown at [C:\re\workspace\8-2-build-windows-amd64-cygwin\jdk8u71\5731\hotspot\src\share\vm\runtime\sharedRuntime.cpp, line 605]
Event: 687.649 Thread 0x0000000019464800 Exception <a 'java/lang/ArrayIndexOutOfBoundsException'> (0x00000000e684feb8) thrown at [C:\re\workspace\8-2-build-windows-amd64-cygwin\jdk8u71\5731\hotspot\src\share\vm\runtime\sharedRuntime.cpp, line 605]
Event: 687.689 Thread 0x0000000019464800 Exception <a 'java/lang/ArrayIndexOutOfBoundsException'> (0x00000000e69bdfa0) thrown at [C:\re\workspace\8-2-build-windows-amd64-cygwin\jdk8u71\5731\hotspot\src\share\vm\runtime\sharedRuntime.cpp, line 605]
Event: 687.690 Thread 0x0000000019464800 Exception <a 'java/lang/ArrayIndexOutOfBoundsException'> (0x00000000e69cc608) thrown at [C:\re\workspace\8-2-build-windows-amd64-cygwin\jdk8u71\5731\hotspot\src\share\vm\runtime\sharedRuntime.cpp, line 605]
Event: 687.691 Thread 0x0000000019464800 Exception <a 'java/lang/ArrayIndexOutOfBoundsException'> (0x00000000e69ce110) thrown at [C:\re\workspace\8-2-build-windows-amd64-cygwin\jdk8u71\5731\hotspot\src\share\vm\runtime\sharedRuntime.cpp, line 605]
Event: 688.900 Thread 0x0000000019464800 Implicit null exception at 0x0000000003d7fdfa to 0x0000000003d8110d

Events (10 events):
Event: 689.576 loading class com/android/tools/lint/detector/api/Detector$JavaScanner done
Event: 689.578 loading class com/android/tools/lint/client/api/ClassEntry
Event: 689.579 loading class com/android/tools/lint/client/api/ClassEntry done
Event: 689.580 loading class com/android/tools/lint/client/api/ClassEntry$SuperclassVisitor
Event: 689.580 loading class com/android/tools/lint/client/api/ClassEntry$SuperclassVisitor done
Event: 689.590 Thread 0x0000000019464800 DEOPT PACKING pc=0x00000000055a78fd sp=0x0000000024b9bd70
Event: 689.590 Thread 0x0000000019464800 DEOPT UNPACKING pc=0x0000000002aa787f sp=0x0000000024b9bb28 mode 0
Event: 689.602 Thread 0x00000000163d3800 flushing nmethod 0x0000000002bc0f10
Event: 689.649 Thread 0x0000000019464800 DEOPT PACKING pc=0x00000000055a78fd sp=0x0000000024b9bd70
Event: 689.649 Thread 0x0000000019464800 DEOPT UNPACKING pc=0x0000000002aa787f sp=0x0000000024b9bb28 mode 0


Dynamic libraries:
0x00007ff75da90000 - 0x00007ff75dac7000 	C:\Program Files\Java\jdk1.8.0_71\bin\java.exe
0x00007ffa54740000 - 0x00007ffa54911000 	C:\WINDOWS\SYSTEM32\ntdll.dll
0x00007ffa522c0000 - 0x00007ffa5236c000 	C:\WINDOWS\System32\KERNEL32.DLL
0x00007ffa41dd0000 - 0x00007ffa41e03000 	C:\Program Files\AVAST Software\Avast\x64\aswhooka.dll
0x00007ffa516f0000 - 0x00007ffa5190d000 	C:\WINDOWS\System32\KERNELBASE.dll
0x00007ffa52210000 - 0x00007ffa522b2000 	C:\WINDOWS\System32\ADVAPI32.dll
0x00007ffa51d30000 - 0x00007ffa51dce000 	C:\WINDOWS\System32\msvcrt.dll
0x00007ffa54200000 - 0x00007ffa54259000 	C:\WINDOWS\System32\sechost.dll
0x00007ffa53a40000 - 0x00007ffa53b61000 	C:\WINDOWS\System32\RPCRT4.dll
0x00007ffa53ea0000 - 0x00007ffa54005000 	C:\WINDOWS\System32\USER32.dll
0x00007ffa51550000 - 0x00007ffa5156e000 	C:\WINDOWS\System32\win32u.dll
0x00007ffa521d0000 - 0x00007ffa52204000 	C:\WINDOWS\System32\GDI32.dll
0x00007ffa51570000 - 0x00007ffa516f0000 	C:\WINDOWS\System32\gdi32full.dll
0x00007ffa449d0000 - 0x00007ffa44c4a000 	C:\WINDOWS\WinSxS\amd64_microsoft.windows.common-controls_6595b64144ccf1df_6.0.14393.953_none_42151e83c686086b\COMCTL32.dll
0x00007ffa53b70000 - 0x00007ffa53e38000 	C:\WINDOWS\System32\combase.dll
0x00007ffa51980000 - 0x00007ffa51a75000 	C:\WINDOWS\System32\ucrtbase.dll
0x00007ffa51910000 - 0x00007ffa5197a000 	C:\WINDOWS\System32\bcryptPrimitives.dll
0x00007ffa51f90000 - 0x00007ffa51fbe000 	C:\WINDOWS\System32\IMM32.DLL
0x000000005d530000 - 0x000000005d602000 	C:\Program Files\Java\jdk1.8.0_71\jre\bin\msvcr100.dll
0x000000005cca0000 - 0x000000005d52f000 	C:\Program Files\Java\jdk1.8.0_71\jre\bin\server\jvm.dll
0x00007ffa54260000 - 0x00007ffa54268000 	C:\WINDOWS\System32\PSAPI.DLL
0x00007ffa46300000 - 0x00007ffa46309000 	C:\WINDOWS\SYSTEM32\WSOCK32.dll
0x00007ffa54080000 - 0x00007ffa540ea000 	C:\WINDOWS\System32\WS2_32.dll
0x00007ffa4f000000 - 0x00007ffa4f023000 	C:\WINDOWS\SYSTEM32\WINMM.dll
0x00007ffa4c350000 - 0x00007ffa4c35a000 	C:\WINDOWS\SYSTEM32\VERSION.dll
0x00007ffa4efa0000 - 0x00007ffa4efcb000 	C:\WINDOWS\SYSTEM32\WINMMBASE.dll
0x00007ffa51b30000 - 0x00007ffa51b72000 	C:\WINDOWS\System32\cfgmgr32.dll
0x000000005cc90000 - 0x000000005cc9f000 	C:\Program Files\Java\jdk1.8.0_71\jre\bin\verify.dll
0x000000005cc60000 - 0x000000005cc89000 	C:\Program Files\Java\jdk1.8.0_71\jre\bin\java.dll
0x000000005cc40000 - 0x000000005cc56000 	C:\Program Files\Java\jdk1.8.0_71\jre\bin\zip.dll
0x00007ffa523d0000 - 0x00007ffa538d8000 	C:\WINDOWS\System32\SHELL32.dll
0x00007ffa50c40000 - 0x00007ffa5131a000 	C:\WINDOWS\System32\windows.storage.dll
0x00007ffa50bc0000 - 0x00007ffa50c0c000 	C:\WINDOWS\System32\powrprof.dll
0x00007ffa53e40000 - 0x00007ffa53e92000 	C:\WINDOWS\System32\shlwapi.dll
0x00007ffa50bb0000 - 0x00007ffa50bbf000 	C:\WINDOWS\System32\kernel.appcore.dll
0x00007ffa51c20000 - 0x00007ffa51cc9000 	C:\WINDOWS\System32\shcore.dll
0x00007ffa50c10000 - 0x00007ffa50c24000 	C:\WINDOWS\System32\profapi.dll
0x000000005cc20000 - 0x000000005cc3a000 	C:\Program Files\Java\jdk1.8.0_71\jre\bin\net.dll
0x00007ffa504e0000 - 0x00007ffa5053c000 	C:\WINDOWS\system32\mswsock.dll
0x000000005cc00000 - 0x000000005cc11000 	C:\Program Files\Java\jdk1.8.0_71\jre\bin\nio.dll
0x00007ffa47830000 - 0x00007ffa4784e000 	C:\Users\toshiba\.gradle\native\23\windows-amd64\native-platform.dll
0x00007ffa50680000 - 0x00007ffa50697000 	C:\WINDOWS\SYSTEM32\CRYPTSP.dll
0x00007ffa500e0000 - 0x00007ffa50113000 	C:\WINDOWS\system32\rsaenh.dll
0x00007ffa50af0000 - 0x00007ffa50b1b000 	C:\WINDOWS\SYSTEM32\bcrypt.dll
0x00007ffa50360000 - 0x00007ffa5037f000 	C:\WINDOWS\SYSTEM32\USERENV.dll
0x00007ffa506a0000 - 0x00007ffa506ab000 	C:\WINDOWS\SYSTEM32\CRYPTBASE.dll
0x00007ffa50260000 - 0x00007ffa50298000 	C:\WINDOWS\SYSTEM32\IPHLPAPI.DLL
0x00007ffa52080000 - 0x00007ffa52088000 	C:\WINDOWS\System32\NSI.dll
0x00007ffa4a0b0000 - 0x00007ffa4a0c6000 	C:\WINDOWS\SYSTEM32\dhcpcsvc6.DLL
0x00007ffa4a4d0000 - 0x00007ffa4a4ea000 	C:\WINDOWS\SYSTEM32\dhcpcsvc.DLL
0x000000005cbf0000 - 0x000000005cbfd000 	C:\Program Files\Java\jdk1.8.0_71\jre\bin\management.dll

VM Arguments:
jvm_args: -Xmx1536m -Dfile.encoding=windows-1252 -Duser.country=SG -Duser.language=en -Duser.variant 
java_command: org.gradle.launcher.daemon.bootstrap.GradleDaemon 3.3
java_class_path (initial): C:\Users\toshiba\.gradle\wrapper\dists\gradle-3.3-all\55gk2rcmfc6p2dg9u9ohc3hw9\gradle-3.3\lib\gradle-launcher-3.3.jar
Launcher Type: SUN_STANDARD

Environment Variables:
JAVA_HOME=C:\Program Files\Java\jdk1.7.0_55
CLASSPATH=C:\Users\toshiba\Documents\IF2210\tubes Java\JDEPEND_HOME\lib\jdepend-2.9.1.jar
PATH=C:\instantclient_12_2;E:\DevSuiteHome_2\jdk\jre\bin\classic;E:\DevSuiteHome_2\jdk\jre\bin;E:\DevSuiteHome_2\jdk\jre\bin\client;E:\DevSuiteHome_2\jlib;E:\DevSuiteHome_2\bin;E:\DevSuiteHome_2\jre\1.4.2\bin\client;E:\DevSuiteHome_2\jre\1.4.2\bin;C:\ProgramData\Oracle\Java\javapath;C:\Program Files\Java\jdk1.8.0_71\bin;C:\WINDOWS\system32;C:\WINDOWS;C:\WINDOWS\System32\Wbem;C:\WINDOWS\System32\WindowsPowerShell\v1.0\;C:\Program Files (x86)\AMD\ATI.ACE\Core-Static;C:\Program Files (x86)\Windows Kits\8.1\Windows Performance Toolkit\;C:\Program Files (x86)\Microsoft SQL Server\100\Tools\Binn\;C:\Program Files\Microsoft SQL Server\100\Tools\Binn\;C:\Program Files\Microsoft SQL Server\100\DTS\Binn\;C:\Program Files\doxygen\bin;C:\Program Files (x86)\IVI Foundation\VISA\WinNT\Bin;C:\cygnus\cygwin-b20\H-i586-cygwin32\bin;C:\xampp\mysql\bin;C:\Program Files\Git\cmd;C:\Program Files\PostgreSQL\9.6\bin;C:\Program Files (x86)\GtkSharp\2.12\bin;C:\Users\toshiba\AppData\Local\Programs\Python\Python36-32;C:\Users\toshiba\AppData\Local\Programs\Python\Python36-32\Scripts;C:\Program Files (x86)\OpenVPN\bin;C:\Program Files\Java\jdk1.7.0_55\bin;C:\Program Files\PostgreSQL\9.6\bin;%USERPROFILE%\AppData\Local\Microsoft\WindowsApps;
USERNAME=toshiba
OS=Windows_NT
PROCESSOR_IDENTIFIER=Intel64 Family 6 Model 58 Stepping 9, GenuineIntel



---------------  S Y S T E M  ---------------

OS: Windows 10.0 , 64 bit Build 14393 (10.0.14393.1198)

CPU:total 4 (2 cores per cpu, 2 threads per core) family 6 model 58 stepping 9, cmov, cx8, fxsr, mmx, sse, sse2, sse3, ssse3, sse4.1, sse4.2, popcnt, avx, aes, clmul, erms, ht, tsc, tscinvbit, tscinv

Memory: 4k page, physical 6257948k(1438236k free), swap 7956764k(1144k free)

vm_info: Java HotSpot(TM) 64-Bit Server VM (25.71-b15) for windows-amd64 JRE (1.8.0_71-b15), built on Dec 22 2015 18:15:55 by "java_re" with MS VC++ 10.0 (VS2010)

time: Mon Jul 31 18:56:24 2017
elapsed time: 689 seconds (0d 0h 11m 29s)

